
> @gjconsultoriati/react@1.0.0 build
> tsup src/index.tsx --format esm,cjs --dts --external react

CLI Building entry: src/index.tsx
CLI Using tsconfig: tsconfig.json
CLI tsup v8.0.1
CLI Target: es6
ESM Build start
CJS Build start
ESM dist/index.mjs 2.81 KB
ESM ⚡️ Build success in 17ms
CJS dist/index.js 3.72 KB
CJS ⚡️ Build success in 17ms
DTS Build start
DTS ⚡️ Build success in 1221ms
DTS dist/index.d.mts 5.52 KB
DTS dist/index.d.ts  5.52 KB
npm notice 
npm notice New major version of npm available! 9.8.1 -> 10.2.5
npm notice Changelog: <https://github.com/npm/cli/releases/tag/v10.2.5>
npm notice Run `npm install -g npm@10.2.5` to update!
npm notice 
